<?xml version="1.0" encoding="UTF-8"?>
<!-- Generated by org.testng.reporters.JUnitReportReporter -->
<testsuite hostname="IKCON1037" failures="0" tests="2" name="Runner.Umsrunner" time="0.271" errors="0" timestamp="2024-01-05T18:43:55 IST" skipped="0">
  <testcase classname="Runner.Umsrunner" name="runScenario" time="0.070"/>
  <testcase classname="Runner.Umsrunner" name="runScenario" time="0.201"/>
</testsuite> <!-- Runner.Umsrunner -->
